19:44:59: Creating resource group General
19:44:59: Creating resource group Internal
19:44:59: Creating resource group Autodetect
19:44:59: SceneManagerFactory for type 'DefaultSceneManager' registered.
19:44:59: Registering ResourceManager for type Material
19:44:59: Registering ResourceManager for type Mesh
19:44:59: Registering ResourceManager for type Mesh2
19:44:59: Registering ResourceManager for type OldSkeleton
19:44:59: MovableObjectFactory for type 'ParticleSystem' registered.
19:44:59: ArchiveFactory for archive type FileSystem registered.
19:44:59: ArchiveFactory for archive type Zip registered.
19:44:59: ArchiveFactory for archive type EmbeddedZip registered.
19:44:59: DDS codec registering
19:44:59: FreeImage version: 3.18.0
19:44:59: This program uses FreeImage, a free, open source image library supporting all common bitmap formats. See http://freeimage.sourceforge.net for details
19:44:59: Supported formats: bmp,ico,jpg,jif,jpeg,jpe,jng,koa,iff,lbm,mng,pbm,pbm,pcd,pcx,pgm,pgm,png,ppm,ppm,ras,tga,targa,tif,tiff,wap,wbmp,wbm,psd,psb,cut,xbm,xpm,gif,hdr,g3,sgi,rgb,rgba,bw,exr,j2k,j2c,jp2,pfm,pct,pict,pic,3fr,arw,bay,bmq,cap,cine,cr2,crw,cs1,dc2,dcr,drf,dsc,dng,erf,fff,ia,iiq,k25,kc2,kdc,mdc,mef,mos,mrw,nef,nrw,orf,pef,ptx,pxn,qtk,raf,raw,rdc,rw2,rwl,rwz,sr2,srf,srw,sti,x3f,webp,jxr,wdp,hdp
19:44:59: ETC codec registering
19:44:59: OITD codec registering
19:44:59: Registering ResourceManager for type HighLevelGpuProgram
19:44:59: MovableObjectFactory for type 'Decal' registered.
19:44:59: MovableObjectFactory for type 'InternalCubemapProbe' registered.
19:44:59: MovableObjectFactory for type 'Entity' registered.
19:44:59: MovableObjectFactory for type 'Item' registered.
19:44:59: MovableObjectFactory for type 'Light' registered.
19:44:59: MovableObjectFactory for type 'Rectangle2Dv2' registered.
19:44:59: MovableObjectFactory for type 'BillboardSet' registered.
19:44:59: MovableObjectFactory for type 'ManualObject2' registered.
19:44:59: MovableObjectFactory for type 'BillboardChain' registered.
19:44:59: MovableObjectFactory for type 'RibbonTrail' registered.
19:44:59: MovableObjectFactory for type 'WireAabb' registered.
19:44:59: *-*-* OGRE Initialising
19:44:59: *-*-* Version 2.3.3 (Daedalus)
19:44:59: OverlayElementFactory for type Panel registered.
19:44:59: OverlayElementFactory for type BorderPanel registered.
19:44:59: OverlayElementFactory for type TextArea registered.
19:44:59: Registering ResourceManager for type Font
19:44:59: Loading library /opt/ros/lyrical/opt/gz_ogre_next_vendor/lib/OGRE-Next/RenderSystem_GL3Plus.so
19:44:59: Installing plugin: GL 3+ RenderSystem
19:44:59: OpenGL 3+ Rendering Subsystem created.
19:44:59: Found Num EGL Devices: 3
19:44:59: EGL Device: EGL_EXT_device_drm EGL_EXT_device_drm_render_node EGL_EXT_device_query_name EGL_EXT_device_persistent_id #0 /dev/dri/card0
19:44:59: Trying to init device: EGL_EXT_device_drm EGL_EXT_device_drm_render_node EGL_EXT_device_query_name EGL_EXT_device_persistent_id #0 /dev/dri/card0...
19:44:59: Created GL 4.5 context for device EGL_EXT_device_drm EGL_EXT_device_drm_render_node EGL_EXT_device_query_name EGL_EXT_device_persistent_id #0 /dev/dri/card0
19:44:59: Destroying device: EGL_EXT_device_drm EGL_EXT_device_drm_render_node EGL_EXT_device_query_name EGL_EXT_device_persistent_id #0 /dev/dri/card0...
19:44:59: EGL Device: EGL_EXT_device_drm EGL_EXT_device_drm_render_node EGL_EXT_device_query_name EGL_EXT_device_persistent_id #1 /dev/dri/card1
19:44:59: Trying to init device: EGL_EXT_device_drm EGL_EXT_device_drm_render_node EGL_EXT_device_query_name EGL_EXT_device_persistent_id #1 /dev/dri/card1...
19:44:59: Created GL 4.5 context for device EGL_EXT_device_drm EGL_EXT_device_drm_render_node EGL_EXT_device_query_name EGL_EXT_device_persistent_id #1 /dev/dri/card1
19:44:59: Destroying device: EGL_EXT_device_drm EGL_EXT_device_drm_render_node EGL_EXT_device_query_name EGL_EXT_device_persistent_id #1 /dev/dri/card1...
19:44:59: EGL Device: EGL_MESA_device_software EGL_EXT_device_drm_render_node #2
19:44:59: Trying to init device: EGL_MESA_device_software EGL_EXT_device_drm_render_node #2...
19:44:59: Created GL 4.5 context for device EGL_MESA_device_software EGL_EXT_device_drm_render_node #2
19:44:59: Destroying device: EGL_MESA_device_software EGL_EXT_device_drm_render_node #2...
19:44:59: Plugin successfully installed
19:44:59: Loading library /opt/ros/lyrical/opt/gz_ogre_next_vendor/lib/OGRE-Next/Plugin_ParticleFX.so
19:44:59: Installing plugin: ParticleFX
19:44:59: Particle Emitter Type 'Point' registered
19:44:59: Particle Emitter Type 'Box' registered
19:44:59: Particle Emitter Type 'Ellipsoid' registered
19:44:59: Particle Emitter Type 'Cylinder' registered
19:44:59: Particle Emitter Type 'Ring' registered
19:44:59: Particle Emitter Type 'HollowEllipsoid' registered
19:44:59: Particle Affector Type 'LinearForce' registered
19:44:59: Particle Affector Type 'ColourFader' registered
19:44:59: Particle Affector Type 'ColourFader2' registered
19:44:59: Particle Affector Type 'ColourImage' registered
19:44:59: Particle Affector Type 'ColourInterpolator' registered
19:44:59: Particle Affector Type 'Scaler' registered
19:44:59: Particle Affector Type 'Rotator' registered
19:44:59: Particle Affector Type 'DirectionRandomiser' registered
19:44:59: Particle Affector Type 'DeflectorPlane' registered
19:44:59: Plugin successfully installed
19:44:59: CPU Identifier & Features
19:44:59: -------------------------
19:44:59:  *   CPU ID: GenuineIntel: Intel(R) Core(TM) i7-8550U CPU @ 1.80GHz
19:44:59:  *   Logical cores: 8
19:44:59:  *      SSE: yes
19:44:59:  *     SSE2: yes
19:44:59:  *     SSE3: yes
19:44:59:  *      MMX: yes
19:44:59:  *   MMXEXT: yes
19:44:59:  *    3DNOW: no
19:44:59:  * 3DNOWEXT: no
19:44:59:  *     CMOV: yes
19:44:59:  *      TSC: yes
19:44:59:  *      FPU: yes
19:44:59:  *      PRO: yes
19:44:59:  *       HT: no
19:44:59: -------------------------
19:44:59: ******************************
*** Starting GLX Subsystem ***
******************************
19:44:59: GL3PlusRenderSystem::_createRenderWindow "OgreWindow(0)_0", 1x1 windowed  miscParams: FSAA=0 border=none contentScalingFactor=1.000000 currentGLContext=true externalGLControl=true gamma=Yes parentWindowHandle=65011739 stereoMode=Frame Sequential 
19:44:59: GLXWindow::create used FBConfigID = 327
19:44:59: GL Version = 4.6.0.0
19:44:59: GL_VERSION = 4.6 (Compatibility Profile) Mesa 26.0.3-1ubuntu1
19:44:59: GL_VENDOR = Intel
19:44:59: GL_RENDERER = Mesa Intel(R) UHD Graphics 620 (KBL GT2)
19:44:59: GL_EXTENSIONS = 
19:44:59: GL_3DFX_texture_compression_FXT1
19:44:59: GL_AMD_conservative_depth
19:44:59: GL_AMD_depth_clamp_separate
19:44:59: GL_AMD_draw_buffers_blend
19:44:59: GL_AMD_multi_draw_indirect
19:44:59: GL_AMD_performance_monitor
19:44:59: GL_AMD_pinned_memory
19:44:59: GL_AMD_query_buffer_object
19:44:59: GL_AMD_seamless_cubemap_per_texture
19:44:59: GL_AMD_shader_stencil_export
19:44:59: GL_AMD_shader_trinary_minmax
19:44:59: GL_AMD_texture_texture4
19:44:59: GL_AMD_vertex_shader_layer
19:44:59: GL_AMD_vertex_shader_viewport_index
19:44:59: GL_ANGLE_texture_compression_dxt3
19:44:59: GL_ANGLE_texture_compression_dxt5
19:44:59: GL_APPLE_packed_pixels
19:44:59: GL_ARB_ES2_compatibility
19:44:59: GL_ARB_ES3_1_compatibility
19:44:59: GL_ARB_ES3_2_compatibility
19:44:59: GL_ARB_ES3_compatibility
19:44:59: GL_ARB_arrays_of_arrays
19:44:59: GL_ARB_base_instance
19:44:59: GL_ARB_blend_func_extended
19:44:59: GL_ARB_buffer_storage
19:44:59: GL_ARB_clear_buffer_object
19:44:59: GL_ARB_clear_texture
19:44:59: GL_ARB_clip_control
19:44:59: GL_ARB_color_buffer_float
19:44:59: GL_ARB_compatibility
19:44:59: GL_ARB_compressed_texture_pixel_storage
19:44:59: GL_ARB_compute_shader
19:44:59: GL_ARB_compute_variable_group_size
19:44:59: GL_ARB_conditional_render_inverted
19:44:59: GL_ARB_conservative_depth
19:44:59: GL_ARB_copy_buffer
19:44:59: GL_ARB_copy_image
19:44:59: GL_ARB_cull_distance
19:44:59: GL_ARB_debug_output
19:44:59: GL_ARB_depth_buffer_float
19:44:59: GL_ARB_depth_clamp
19:44:59: GL_ARB_depth_texture
19:44:59: GL_ARB_derivative_control
19:44:59: GL_ARB_direct_state_access
19:44:59: GL_ARB_draw_buffers
19:44:59: GL_ARB_draw_buffers_blend
19:44:59: GL_ARB_draw_elements_base_vertex
19:44:59: GL_ARB_draw_indirect
19:44:59: GL_ARB_draw_instanced
19:44:59: GL_ARB_enhanced_layouts
19:44:59: GL_ARB_explicit_attrib_location
19:44:59: GL_ARB_explicit_uniform_location
19:44:59: GL_ARB_fragment_coord_conventions
19:44:59: GL_ARB_fragment_layer_viewport
19:44:59: GL_ARB_fragment_program
19:44:59: GL_ARB_fragment_program_shadow
19:44:59: GL_ARB_fragment_shader
19:44:59: GL_ARB_fragment_shader_interlock
19:44:59: GL_ARB_framebuffer_no_attachments
19:44:59: GL_ARB_framebuffer_object
19:44:59: GL_ARB_framebuffer_sRGB
19:44:59: GL_ARB_get_program_binary
19:44:59: GL_ARB_get_texture_sub_image
19:44:59: GL_ARB_gl_spirv
19:44:59: GL_ARB_gpu_shader5
19:44:59: GL_ARB_gpu_shader_fp64
19:44:59: GL_ARB_gpu_shader_int64
19:44:59: GL_ARB_half_float_pixel
19:44:59: GL_ARB_half_float_vertex
19:44:59: GL_ARB_indirect_parameters
19:44:59: GL_ARB_instanced_arrays
19:44:59: GL_ARB_internalformat_query
19:44:59: GL_ARB_internalformat_query2
19:44:59: GL_ARB_invalidate_subdata
19:44:59: GL_ARB_map_buffer_alignment
19:44:59: GL_ARB_map_buffer_range
19:44:59: GL_ARB_multi_bind
19:44:59: GL_ARB_multi_draw_indirect
19:44:59: GL_ARB_multisample
19:44:59: GL_ARB_multitexture
19:44:59: GL_ARB_occlusion_query
19:44:59: GL_ARB_occlusion_query2
19:44:59: GL_ARB_parallel_shader_compile
19:44:59: GL_ARB_pipeline_statistics_query
19:44:59: GL_ARB_pixel_buffer_object
19:44:59: GL_ARB_point_parameters
19:44:59: GL_ARB_point_sprite
19:44:59: GL_ARB_polygon_offset_clamp
19:44:59: GL_ARB_post_depth_coverage
19:44:59: GL_ARB_program_interface_query
19:44:59: GL_ARB_provoking_vertex
19:44:59: GL_ARB_query_buffer_object
19:44:59: GL_ARB_robust_buffer_access_behavior
19:44:59: GL_ARB_robustness
19:44:59: GL_ARB_sample_shading
19:44:59: GL_ARB_sampler_objects
19:44:59: GL_ARB_seamless_cube_map
19:44:59: GL_ARB_seamless_cubemap_per_texture
19:44:59: GL_ARB_separate_shader_objects
19:44:59: GL_ARB_shader_atomic_counter_ops
19:44:59: GL_ARB_shader_atomic_counters
19:44:59: GL_ARB_shader_ballot
19:44:59: GL_ARB_shader_bit_encoding
19:44:59: GL_ARB_shader_clock
19:44:59: GL_ARB_shader_draw_parameters
19:44:59: GL_ARB_shader_group_vote
19:44:59: GL_ARB_shader_image_load_store
19:44:59: GL_ARB_shader_image_size
19:44:59: GL_ARB_shader_objects
19:44:59: GL_ARB_shader_precision
19:44:59: GL_ARB_shader_stencil_export
19:44:59: GL_ARB_shader_storage_buffer_object
19:44:59: GL_ARB_shader_subroutine
19:44:59: GL_ARB_shader_texture_image_samples
19:44:59: GL_ARB_shader_texture_lod
19:44:59: GL_ARB_shader_viewport_layer_array
19:44:59: GL_ARB_shading_language_100
19:44:59: GL_ARB_shading_language_420pack
19:44:59: GL_ARB_shading_language_include
19:44:59: GL_ARB_shading_language_packing
19:44:59: GL_ARB_shadow
19:44:59: GL_ARB_spirv_extensions
19:44:59: GL_ARB_stencil_texturing
19:44:59: GL_ARB_sync
19:44:59: GL_ARB_tessellation_shader
19:44:59: GL_ARB_texture_barrier
19:44:59: GL_ARB_texture_border_clamp
19:44:59: GL_ARB_texture_buffer_object
19:44:59: GL_ARB_texture_buffer_object_rgb32
19:44:59: GL_ARB_texture_buffer_range
19:44:59: GL_ARB_texture_compression
19:44:59: GL_ARB_texture_compression_bptc
19:44:59: GL_ARB_texture_compression_rgtc
19:44:59: GL_ARB_texture_cube_map
19:44:59: GL_ARB_texture_cube_map_array
19:44:59: GL_ARB_texture_env_add
19:44:59: GL_ARB_texture_env_combine
19:44:59: GL_ARB_texture_env_crossbar
19:44:59: GL_ARB_texture_env_dot3
19:44:59: GL_ARB_texture_filter_anisotropic
19:44:59: GL_ARB_texture_filter_minmax
19:44:59: GL_ARB_texture_float
19:44:59: GL_ARB_texture_gather
19:44:59: GL_ARB_texture_mirror_clamp_to_edge
19:44:59: GL_ARB_texture_mirrored_repeat
19:44:59: GL_ARB_texture_multisample
19:44:59: GL_ARB_texture_non_power_of_two
19:44:59: GL_ARB_texture_query_levels
19:44:59: GL_ARB_texture_query_lod
19:44:59: GL_ARB_texture_rectangle
19:44:59: GL_ARB_texture_rg
19:44:59: GL_ARB_texture_rgb10_a2ui
19:44:59: GL_ARB_texture_stencil8
19:44:59: GL_ARB_texture_storage
19:44:59: GL_ARB_texture_storage_multisample
19:44:59: GL_ARB_texture_swizzle
19:44:59: GL_ARB_texture_view
19:44:59: GL_ARB_timer_query
19:44:59: GL_ARB_transform_feedback2
19:44:59: GL_ARB_transform_feedback3
19:44:59: GL_ARB_transform_feedback_instanced
19:44:59: GL_ARB_transform_feedback_overflow_query
19:44:59: GL_ARB_transpose_matrix
19:44:59: GL_ARB_uniform_buffer_object
19:44:59: GL_ARB_vertex_array_bgra
19:44:59: GL_ARB_vertex_array_object
19:44:59: GL_ARB_vertex_attrib_64bit
19:44:59: GL_ARB_vertex_attrib_binding
19:44:59: GL_ARB_vertex_buffer_object
19:44:59: GL_ARB_vertex_program
19:44:59: GL_ARB_vertex_shader
19:44:59: GL_ARB_vertex_type_10f_11f_11f_rev
19:44:59: GL_ARB_vertex_type_2_10_10_10_rev
19:44:59: GL_ARB_viewport_array
19:44:59: GL_ARB_window_pos
19:44:59: GL_ATI_blend_equation_separate
19:44:59: GL_ATI_draw_buffers
19:44:59: GL_ATI_fragment_shader
19:44:59: GL_ATI_separate_stencil
19:44:59: GL_ATI_texture_compression_3dc
19:44:59: GL_ATI_texture_env_combine3
19:44:59: GL_ATI_texture_float
19:44:59: GL_EXT_EGL_image_storage
19:44:59: GL_EXT_EGL_image_storage_compression
19:44:59: GL_EXT_EGL_sync
19:44:59: GL_EXT_abgr
19:44:59: GL_EXT_bgra
19:44:59: GL_EXT_blend_color
19:44:59: GL_EXT_blend_equation_separate
19:44:59: GL_EXT_blend_func_separate
19:44:59: GL_EXT_blend_minmax
19:44:59: GL_EXT_blend_subtract
19:44:59: GL_EXT_compiled_vertex_array
19:44:59: GL_EXT_copy_texture
19:44:59: GL_EXT_debug_label
19:44:59: GL_EXT_demote_to_helper_invocation
19:44:59: GL_EXT_direct_state_access
19:44:59: GL_EXT_draw_buffers2
19:44:59: GL_EXT_draw_instanced
19:44:59: GL_EXT_draw_range_elements
19:44:59: GL_EXT_fog_coord
19:44:59: GL_EXT_framebuffer_blit
19:44:59: GL_EXT_framebuffer_multisample
19:44:59: GL_EXT_framebuffer_multisample_blit_scaled
19:44:59: GL_EXT_framebuffer_object
19:44:59: GL_EXT_framebuffer_sRGB
19:44:59: GL_EXT_gpu_program_parameters
19:44:59: GL_EXT_gpu_shader4
19:44:59: GL_EXT_memory_object
19:44:59: GL_EXT_memory_object_fd
19:44:59: GL_EXT_multi_draw_arrays
19:44:59: GL_EXT_packed_depth_stencil
19:44:59: GL_EXT_packed_float
19:44:59: GL_EXT_packed_pixels
19:44:59: GL_EXT_pixel_buffer_object
19:44:59: GL_EXT_point_parameters
19:44:59: GL_EXT_polygon_offset_clamp
19:44:59: GL_EXT_provoking_vertex
19:44:59: GL_EXT_rescale_normal
19:44:59: GL_EXT_secondary_color
19:44:59: GL_EXT_semaphore
19:44:59: GL_EXT_semaphore_fd
19:44:59: GL_EXT_separate_specular_color
19:44:59: GL_EXT_shader_clock
19:44:59: GL_EXT_shader_framebuffer_fetch
19:44:59: GL_EXT_shader_framebuffer_fetch_non_coherent
19:44:59: GL_EXT_shader_integer_mix
19:44:59: GL_EXT_shader_samples_identical
19:44:59: GL_EXT_shadow_funcs
19:44:59: GL_EXT_stencil_two_side
19:44:59: GL_EXT_stencil_wrap
19:44:59: GL_EXT_subtexture
19:44:59: GL_EXT_texture
19:44:59: GL_EXT_texture3D
19:44:59: GL_EXT_texture_array
19:44:59: GL_EXT_texture_buffer_object
19:44:59: GL_EXT_texture_compression_dxt1
19:44:59: GL_EXT_texture_compression_latc
19:44:59: GL_EXT_texture_compression_rgtc
19:44:59: GL_EXT_texture_compression_s3tc
19:44:59: GL_EXT_texture_cube_map
19:44:59: GL_EXT_texture_edge_clamp
19:44:59: GL_EXT_texture_env_add
19:44:59: GL_EXT_texture_env_combine
19:44:59: GL_EXT_texture_env_dot3
19:44:59: GL_EXT_texture_filter_anisotropic
19:44:59: GL_EXT_texture_integer
19:44:59: GL_EXT_texture_lod_bias
19:44:59: GL_EXT_texture_object
19:44:59: GL_EXT_texture_rectangle
19:44:59: GL_EXT_texture_sRGB
19:44:59: GL_EXT_texture_sRGB_R8
19:44:59: GL_EXT_texture_sRGB_decode
19:44:59: GL_EXT_texture_shadow_lod
19:44:59: GL_EXT_texture_shared_exponent
19:44:59: GL_EXT_texture_snorm
19:44:59: GL_EXT_texture_storage
19:44:59: GL_EXT_texture_swizzle
19:44:59: GL_EXT_timer_query
19:44:59: GL_EXT_transform_feedback
19:44:59: GL_EXT_vertex_array
19:44:59: GL_EXT_vertex_array_bgra
19:44:59: GL_EXT_vertex_attrib_64bit
19:44:59: GL_IBM_multimode_draw_arrays
19:44:59: GL_IBM_rasterpos_clip
19:44:59: GL_IBM_texture_mirrored_repeat
19:44:59: GL_INGR_blend_func_separate
19:44:59: GL_INTEL_blackhole_render
19:44:59: GL_INTEL_performance_query
19:44:59: GL_INTEL_shader_atomic_float_minmax
19:44:59: GL_INTEL_shader_integer_functions2
19:44:59: GL_KHR_blend_equation_advanced
19:44:59: GL_KHR_blend_equation_advanced_coherent
19:44:59: GL_KHR_context_flush_control
19:44:59: GL_KHR_debug
19:44:59: GL_KHR_no_error
19:44:59: GL_KHR_parallel_shader_compile
19:44:59: GL_KHR_robust_buffer_access_behavior
19:44:59: GL_KHR_robustness
19:44:59: GL_KHR_shader_subgroup
19:44:59: GL_KHR_texture_compression_astc_ldr
19:44:59: GL_KHR_texture_compression_astc_sliced_3d
19:44:59: GL_MESA_framebuffer_flip_y
19:44:59: GL_MESA_pack_invert
19:44:59: GL_MESA_shader_integer_functions
19:44:59: GL_MESA_texture_const_bandwidth
19:44:59: GL_MESA_texture_signed_rgba
19:44:59: GL_MESA_window_pos
19:44:59: GL_NV_ES1_1_compatibility
19:44:59: GL_NV_alpha_to_coverage_dither_control
19:44:59: GL_NV_blend_square
19:44:59: GL_NV_compute_shader_derivatives
19:44:59: GL_NV_conditional_render
19:44:59: GL_NV_copy_depth_to_color
19:44:59: GL_NV_copy_image
19:44:59: GL_NV_depth_clamp
19:44:59: GL_NV_fog_distance
19:44:59: GL_NV_fragment_shader_interlock
19:44:59: GL_NV_half_float
19:44:59: GL_NV_light_max_exponent
19:44:59: GL_NV_packed_depth_stencil
19:44:59: GL_NV_primitive_restart
19:44:59: GL_NV_texgen_reflection
19:44:59: GL_NV_texture_barrier
19:44:59: GL_NV_texture_env_combine4
19:44:59: GL_NV_texture_rectangle
19:44:59: GL_OES_EGL_image
19:44:59: GL_OES_read_format
19:44:59: GL_S3_s3tc
19:44:59: GL_SGIS_generate_mipmap
19:44:59: GL_SGIS_texture_border_clamp
19:44:59: GL_SGIS_texture_edge_clamp
19:44:59: GL_SGIS_texture_lod
19:44:59: GL_SUN_multi_draw_arrays
19:44:59: **************************************
19:44:59: ***   OpenGL 3+ Renderer Started   ***
19:44:59: **************************************
19:44:59: Registering ResourceManager for type GpuProgram
19:44:59: RenderSystem capabilities
19:44:59: -------------------------
19:44:59: RenderSystem Name: OpenGL 3+ Rendering Subsystem
19:44:59: GPU Vendor: intel
19:44:59: Device Name: Mesa Intel(R) UHD Graphics 620 (KBL GT2)
19:44:59: Driver Version: 4.6.0.0
19:44:59:  * Fixed function pipeline: no
19:44:59:  * Hardware generation of mipmaps: no
19:44:59:  * Texture blending: yes
19:44:59:  * Anisotropic texture filtering: yes
19:44:59:  * Dot product texture operation: yes
19:44:59:  * Cube mapping: yes
19:44:59:  * Hardware stencil buffer: yes
19:44:59:    - Stencil depth: 8
19:44:59:    - Two sided stencil support: yes
19:44:59:    - Wrap stencil values: yes
19:44:59:  * Hardware vertex / index buffers: yes
19:44:59:  * 32-bit index buffers: yes
19:44:59:  * Vertex programs: yes
19:44:59:  * Number of floating-point constants for vertex programs: 16384
19:44:59:  * Number of integer constants for vertex programs: 16384
19:44:59:  * Number of boolean constants for vertex programs: 16384
19:44:59:  * Fragment programs: yes
19:44:59:  * Number of floating-point constants for fragment programs: 16384
19:44:59:  * Number of integer constants for fragment programs: 16384
19:44:59:  * Number of boolean constants for fragment programs: 16384
19:44:59:  * Geometry programs: yes
19:44:59:  * Number of floating-point constants for geometry programs: 16384
19:44:59:  * Number of integer constants for geometry programs: 16384
19:44:59:  * Number of boolean constants for geometry programs: 16384
19:44:59:  * Tessellation Hull programs: yes
19:44:59:  * Number of floating-point constants for tessellation hull programs: 16384
19:44:59:  * Number of integer constants for tessellation hull programs: 16384
19:44:59:  * Number of boolean constants for tessellation hull programs: 16384
19:44:59:  * Tessellation Domain programs: yes
19:44:59:  * Number of floating-point constants for tessellation domain programs: 16384
19:44:59:  * Number of integer constants for tessellation domain programs: 16384
19:44:59:  * Number of boolean constants for tessellation domain programs: 16384
19:44:59:  * Compute programs: yes
19:44:59:  * Number of floating-point constants for compute programs: 16384
19:44:59:  * Number of integer constants for compute programs: 16384
19:44:59:  * Number of boolean constants for compute programs: 16384
19:44:59:  * Supported Shader Profiles: glsl glsl130 glsl140 glsl150 glsl330 glsl400 glsl410 glsl420 glsl430 glsl440
19:44:59:  * Texture Compression: yes
19:44:59:    - DXT: yes
19:44:59:    - VTC: no
19:44:59:    - PVRTC: no
19:44:59:    - ATC: no
19:44:59:    - ETC1: no
19:44:59:    - ETC2: yes
19:44:59:    - BC4/BC5: yes
19:44:59:    - BC6H/BC7: yes
19:44:59:    - ASTC: yes
19:44:59:  * Hardware Occlusion Query: yes
19:44:59:  * User clip planes: yes
19:44:59:  * VET_UBYTE4 vertex element type: yes
19:44:59:  * Infinite far plane projection: yes
19:44:59:  * Hardware render-to-texture: yes
19:44:59:  * Floating point textures: yes
19:44:59:  * Non-power-of-two textures: yes
19:44:59:  * 1d textures: yes
19:44:59:  * Volume textures: yes
19:44:59:  * Max Texture resolution (2D) 16384
19:44:59:  * Max Texture resolution (3D) 2048
19:44:59:  * Max Texture resolution (Cubemaps) 16384
19:44:59:  * Multiple Render Targets: 8
19:44:59:    - With different bit depths: yes
19:44:59:  * Point Sprites: yes
19:44:59:  * Extended point parameters: yes
19:44:59:  * Max Point Size: 255
19:44:59:  * Vertex texture fetch: yes
19:44:59:  * Number of world matrices: 0
19:44:59:  * Number of texture units: 16
19:44:59:  * Stencil buffer depth: 8
19:44:59:  * Number of vertex blend matrices: 0
19:44:59:    - Max vertex textures: 32
19:44:59:    - Vertex textures shared: yes
19:44:59:  * Render to Vertex Buffer : yes
19:44:59:  * Hardware Atomic Counters: yes
19:44:59:  * Compute max threads per threadgroup per axis: 1024, 1024, 64
19:44:59:  * Compute max threads per threadgroup total: 1024
19:44:59:  * GL 1.5 without VBO workaround: no
19:44:59:  * Frame Buffer objects: yes
19:44:59:  * Frame Buffer objects (ARB extension): no
19:44:59:  * Frame Buffer objects (ATI extension): no
19:44:59:  * PBuffer support: no
19:44:59:  * GL 1.5 without HW-occlusion workaround: no
19:44:59:  * Vertex Array Objects: yes
19:44:59:  * Separate shader objects: no
19:44:59:  * Using Reverse Z: yes
19:44:59: DefaultWorkQueue('Root') initialising on thread main.
19:44:59: Particle Renderer Type 'billboard' registered
19:44:59: Added resource location '/opt/ros/lyrical/opt/gz_rendering_vendor/share/gz/gz-rendering/ogre2/media/2.0/scripts/Compositors' of type 'FileSystem' to resource group 'General'
19:44:59: Added resource location '/opt/ros/lyrical/opt/gz_rendering_vendor/share/gz/gz-rendering/ogre2/media/2.0/scripts/materials/Common' of type 'FileSystem' to resource group 'General'
19:44:59: Added resource location '/opt/ros/lyrical/opt/gz_rendering_vendor/share/gz/gz-rendering/ogre2/media/2.0/scripts/materials/Common/GLSL' of type 'FileSystem' to resource group 'General'
19:44:59: Added resource location '/opt/ros/lyrical/opt/gz_rendering_vendor/share/gz/gz-rendering/ogre2/media/2.0/scripts/materials/Terra' of type 'FileSystem' to resource group 'General'
19:44:59: Added resource location '/opt/ros/lyrical/opt/gz_rendering_vendor/share/gz/gz-rendering/ogre2/media/2.0/scripts/materials/Terra/GLSL' of type 'FileSystem' to resource group 'General'
19:44:59: HLMS Library path '/opt/ros/lyrical/opt/gz_rendering_vendor/share/gz/gz-rendering/ogre2/media/Hlms/Gz' has no piece files. Are you sure you provided the right path with read access?
19:44:59: HLMS Library path '/opt/ros/lyrical/opt/gz_rendering_vendor/share/gz/gz-rendering/ogre2/media/Hlms/Gz' has no piece files. Are you sure you provided the right path with read access?
19:44:59: Added resource location '/opt/ros/lyrical/opt/gz_rendering_vendor/share/gz/gz-rendering/ogre2/media' of type 'FileSystem' to resource group 'General'
19:44:59: Added resource location '/opt/ros/lyrical/opt/gz_rendering_vendor/share/gz/gz-rendering/ogre2/media/materials/programs' of type 'FileSystem' to resource group 'General'
19:44:59: Added resource location '/opt/ros/lyrical/opt/gz_rendering_vendor/share/gz/gz-rendering/ogre2/media/materials/programs/GLSL' of type 'FileSystem' to resource group 'General'
19:44:59: Added resource location '/opt/ros/lyrical/opt/gz_rendering_vendor/share/gz/gz-rendering/ogre2/media/materials/programs/Metal' of type 'FileSystem' to resource group 'General'
19:44:59: Added resource location '/opt/ros/lyrical/opt/gz_rendering_vendor/share/gz/gz-rendering/ogre2/media/materials/scripts' of type 'FileSystem' to resource group 'General'
19:44:59: Added resource location '/opt/ros/lyrical/opt/gz_rendering_vendor/share/gz/gz-rendering/ogre2/media/materials/textures' of type 'FileSystem' to resource group 'General'
19:44:59: Added resource location '/opt/ros/lyrical/opt/gz_rendering_vendor/share/gz/gz-rendering/ogre2/media/Compute/Tools' of type 'FileSystem' to resource group 'General'
19:44:59: Added resource location '/opt/ros/lyrical/opt/gz_rendering_vendor/share/gz/gz-rendering/ogre2/media/Compute/Tools/Any' of type 'FileSystem' to resource group 'General'
19:44:59: Added resource location '/opt/ros/lyrical/opt/gz_rendering_vendor/share/gz/gz-rendering/ogre2/media/Compute/Tools/GLSL' of type 'FileSystem' to resource group 'General'
19:44:59: Added resource location '/opt/ros/lyrical/opt/gz_rendering_vendor/share/gz/gz-rendering/ogre2/media/Compute/Tools/HLSL' of type 'FileSystem' to resource group 'General'
19:44:59: Added resource location '/opt/ros/lyrical/opt/gz_rendering_vendor/share/gz/gz-rendering/ogre2/media/Compute/Tools/Metal' of type 'FileSystem' to resource group 'General'
19:44:59: Added resource location '/opt/ros/lyrical/opt/gz_rendering_vendor/share/gz/gz-rendering/ogre2/media/VCT' of type 'FileSystem' to resource group 'General'
19:44:59: Added resource location '/opt/ros/lyrical/opt/gz_rendering_vendor/share/gz/gz-rendering/ogre2/media/VCT/ImageVoxelizer' of type 'FileSystem' to resource group 'General'
19:44:59: Added resource location '/opt/ros/lyrical/opt/gz_rendering_vendor/share/gz/gz-rendering/ogre2/media/VCT/Visualizer' of type 'FileSystem' to resource group 'General'
19:44:59: Added resource location '/opt/ros/lyrical/opt/gz_rendering_vendor/share/gz/gz-rendering/ogre2/media/Hlms/Common/Any' of type 'FileSystem' to resource group 'General'
19:44:59: Added resource location '/opt/ros/lyrical/opt/gz_rendering_vendor/share/gz/gz-rendering/ogre2/media/Hlms/Common/GLSL' of type 'FileSystem' to resource group 'General'
19:44:59: Added resource location '/opt/ros/lyrical/opt/gz_rendering_vendor/share/gz/gz-rendering/ogre2/media/Hlms/Pbs/Any' of type 'FileSystem' to resource group 'General'
19:44:59: Parsing scripts for resource group Autodetect
19:44:59: Finished parsing scripts for resource group Autodetect
19:44:59: Creating resources for group Autodetect
19:44:59: All done
19:44:59: Parsing scripts for resource group General
19:44:59: Parsing script Quad.program
19:44:59: Parsing script picker.program
19:44:59: Parsing script DepthUtils.material
19:44:59: Parsing script EsmGaussianBlurLogFilter.material
19:44:59: Parsing script Copyback.material
19:44:59: Parsing script DPSM.material
19:44:59: Parsing script GpuNormalMapper.material
19:44:59: Parsing script gpu_rays.material
19:44:59: Parsing script wide_angle_camera.material
19:44:59: Parsing script point_cloud_point.material
19:44:59: Parsing script depth_camera.material
19:44:59: Parsing script gaussian_noise.material
19:44:59: Parsing script picker.material
19:44:59: Parsing script thermal.material
19:44:59: Parsing script selection_buffer.material
19:44:59: Parsing script lens_flare.material
19:44:59: Parsing script skybox.material
19:44:59: Parsing script VoxelVisualizer.material
19:44:59: Parsing script GpuNormalMapper.compositor
19:44:59: Parsing script TerraShadowGenerator.compositor
19:44:59: Parsing script GpuRays.compositor
19:44:59: Parsing script lens_flare.compositor
19:44:59: Parsing script wide_angle_camera.compositor
19:44:59: Parsing script VctTexDownsample.compositor
19:44:59: Parsing script Mipmaps.material.json
19:44:59: Parsing script EsmGaussianBlurLogFilter.material.json
19:44:59: Parsing script TerraShadowGenerator.material.json
19:44:59: Parsing script ClearUav.material.json
19:44:59: Parsing script Voxelizer.material.json
19:44:59: Finished parsing scripts for resource group General
19:44:59: Creating resources for group General
19:44:59: All done
19:44:59: Parsing scripts for resource group Internal
19:44:59: Finished parsing scripts for resource group Internal
19:44:59: Creating resources for group Internal
19:44:59: All done
19:44:59: Added resource location '/opt/ros/lyrical/opt/gz_rendering_vendor/share/gz/gz-rendering/media/materials/textures/' of type 'FileSystem' to resource group 'General'
19:45:03: Can't assign material scene::Material(65519) because this Material does not exist. Have you forgotten to define it in a .material script?
