(2026-06-10 19:44:54.668) [info] [Gui.cc:339] Gazebo Sim GUI    v10.1.1
(2026-06-10 19:44:54.668) [debug] [Gui.cc:342] Qt Prefix:/usr
(2026-06-10 19:44:54.668) [debug] [Gui.cc:344] Qt libs:/usr/lib/x86_64-linux-gnu
(2026-06-10 19:44:54.668) [debug] [Gui.cc:347] Qt data:/usr/share/qt6 arch:/usr/lib/x86_64-linux-gnu/qt6
(2026-06-10 19:44:54.668) [debug] [Gui.cc:350] Qt plugins:/usr/lib/x86_64-linux-gnu/qt6/plugins
(2026-06-10 19:44:54.668) [debug] [Gui.cc:352] Qt imports:/usr/lib/x86_64-linux-gnu/qt6/qml
(2026-06-10 19:44:54.671) [debug] [Gui.cc:413] Waiting for subscribers to [/gazebo/starting_world]...
(2026-06-10 19:44:54.772) [info] [gz.cc:242] Received world [worlds/unibots_arena.world] from the GUI.
(2026-06-10 19:44:54.772) [debug] [gz.cc:244] Unsubscribing from [/gazebo/starting_world].
(2026-06-10 19:44:54.941) [debug] [Application.cc:97] Initializing application.
(2026-06-10 19:44:54.941) [debug] [Application.cc:172] Qt using OpenGL graphics interface
(2026-06-10 19:44:54.945) [debug] [Application.cc:686] [GUI] Create main window
(2026-06-10 19:44:54.946) [warning] [Application.cc:923] [GUI] [QT] QQmlComponent: attempted to load via a relative URL 'qrc:qml/Main.qml' in resource file system. This is not fully supported and may not work
(2026-06-10 19:44:55.138) [warning] [Application.cc:923] [GUI] [QT] qrc:qml/Main.qml:163:11: QML ToolBar (parent or ancestor of Material): Binding loop detected for property "foreground":
qrc:qml/Main.qml:165:5
(2026-06-10 19:44:55.173) [debug] [PathManager.cc:70] [GUI] Requesting resource paths through [/gazebo/resource_paths/get]
(2026-06-10 19:44:55.189) [debug] [Gui.cc:497] [GUI] GUI requesting list of world names. The server may be busy downloading resources. Please be patient.
(2026-06-10 19:44:56.721) [debug] [Gui.cc:555] [GUI] Requesting GUI from [/world/unibots_arena/gui/info]...
(2026-06-10 19:44:56.723) [debug] [PathManager.cc:59] [GUI] Received resource paths.
(2026-06-10 19:44:56.725) [debug] [GuiRunner.cc:149] [GUI] Requesting initial state from [/world/unibots_arena/state]...
(2026-06-10 19:44:56.829) [debug] [Gui.cc:636] [GUI] Loading plugins:
(2026-06-10 19:44:56.829) [debug] [Application.cc:557] [GUI] Loading plugin [MinimalScene]
(2026-06-10 19:44:56.835) [debug] [MinimalScene.cc:818] [GUI] Creating gz-rendering interface for OpenGL
(2026-06-10 19:44:56.835) [debug] [MinimalScene.cc:818] [GUI] Creating gz-rendering interface for OpenGL
(2026-06-10 19:44:56.835) [debug] [MinimalScene.cc:998] [GUI] Creating render thread interface for OpenGL
(2026-06-10 19:44:56.836) [debug] [MinimalScene.cc:818] [GUI] Creating gz-rendering interface for OpenGL
(2026-06-10 19:44:56.836) [debug] [MinimalScene.cc:998] [GUI] Creating render thread interface for OpenGL
(2026-06-10 19:44:56.836) [warning] [Application.cc:923] [GUI] [QT] QQmlComponent: attempted to load via a relative URL 'qrc:qml/GzCard.qml' in resource file system. This is not fully supported and may not work
(2026-06-10 19:44:56.950) [info] [Application.cc:756] [GUI] Added plugin [3D View] to main window
(2026-06-10 19:44:56.950) [info] [Application.cc:653] [GUI] Loaded plugin [MinimalScene] from path [/opt/ros/lyrical/opt/gz_gui_vendor/lib/gz-gui-10/plugins/libMinimalScene.so]
(2026-06-10 19:44:56.950) [debug] [Gui.cc:642] [GUI] MinimalScene
(2026-06-10 19:44:56.950) [debug] [Application.cc:557] [GUI] Loading plugin [EntityContextMenuPlugin]
(2026-06-10 19:44:56.956) [info] [EntityContextMenu.cc:134] [GUI] Currently tracking topic on [/gui/currently_tracked]
(2026-06-10 19:44:56.974) [warning] [Application.cc:923] [GUI] [QT] QQmlComponent: attempted to load via a relative URL 'qrc:qml/GzCard.qml' in resource file system. This is not fully supported and may not work
(2026-06-10 19:44:57.058) [info] [Application.cc:756] [GUI] Added plugin [Entity Context Menu] to main window
(2026-06-10 19:44:57.058) [info] [Application.cc:653] [GUI] Loaded plugin [EntityContextMenuPlugin] from path [/opt/ros/lyrical/opt/gz_sim_vendor/lib/gz-sim-10/plugins/gui/libEntityContextMenuPlugin.so]
(2026-06-10 19:44:57.058) [debug] [Gui.cc:642] [GUI] EntityContextMenuPlugin
(2026-06-10 19:44:57.059) [debug] [Application.cc:557] [GUI] Loading plugin [GzSceneManager]
(2026-06-10 19:44:57.176) [warning] [Application.cc:923] [GUI] [QT] QQmlComponent: attempted to load via a relative URL 'qrc:qml/GzCard.qml' in resource file system. This is not fully supported and may not work
(2026-06-10 19:44:57.298) [info] [Application.cc:756] [GUI] Added plugin [Scene Manager] to main window
(2026-06-10 19:44:57.300) [info] [Application.cc:653] [GUI] Loaded plugin [GzSceneManager] from path [/opt/ros/lyrical/opt/gz_sim_vendor/lib/gz-sim-10/plugins/gui/libGzSceneManager.so]
(2026-06-10 19:44:57.302) [debug] [Gui.cc:642] [GUI] GzSceneManager
(2026-06-10 19:44:57.303) [debug] [Application.cc:557] [GUI] Loading plugin [InteractiveViewControl]
(2026-06-10 19:44:57.310) [info] [InteractiveViewControl.cc:409] [GUI] Camera view controller topic advertised on [/gui/camera/view_control]
(2026-06-10 19:44:57.310) [info] [InteractiveViewControl.cc:417] [GUI] Camera reference visual topic advertised on [/gui/camera/view_control/reference_visual]
(2026-06-10 19:44:57.310) [info] [InteractiveViewControl.cc:427] [GUI] Camera view control sensitivity advertised on [/gui/camera/view_control/sensitivity]
(2026-06-10 19:44:57.310) [warning] [Application.cc:923] [GUI] [QT] QQmlComponent: attempted to load via a relative URL 'qrc:qml/GzCard.qml' in resource file system. This is not fully supported and may not work
(2026-06-10 19:44:57.402) [info] [Application.cc:756] [GUI] Added plugin [Interactive view control] to main window
(2026-06-10 19:44:57.402) [info] [Application.cc:653] [GUI] Loaded plugin [InteractiveViewControl] from path [/opt/ros/lyrical/opt/gz_gui_vendor/lib/gz-gui-10/plugins/libInteractiveViewControl.so]
(2026-06-10 19:44:57.402) [debug] [Gui.cc:642] [GUI] InteractiveViewControl
(2026-06-10 19:44:57.402) [debug] [Application.cc:557] [GUI] Loading plugin [CameraTracking]
(2026-06-10 19:44:57.405) [warning] [Application.cc:923] [GUI] [QT] QQmlComponent: attempted to load via a relative URL 'qrc:qml/GzCard.qml' in resource file system. This is not fully supported and may not work
(2026-06-10 19:44:57.497) [info] [Application.cc:756] [GUI] Added plugin [Camera tracking] to main window
(2026-06-10 19:44:57.497) [info] [Application.cc:653] [GUI] Loaded plugin [CameraTracking] from path [/opt/ros/lyrical/opt/gz_gui_vendor/lib/gz-gui-10/plugins/libCameraTracking.so]
(2026-06-10 19:44:57.497) [debug] [Gui.cc:642] [GUI] CameraTracking
(2026-06-10 19:44:57.498) [debug] [Application.cc:557] [GUI] Loading plugin [MarkerManager]
(2026-06-10 19:44:57.501) [info] [MarkerManager.cc:752] [GUI] Listening to stats on [/world/unibots_arena/stats]
(2026-06-10 19:44:57.501) [warning] [Application.cc:923] [GUI] [QT] QQmlComponent: attempted to load via a relative URL 'qrc:qml/GzCard.qml' in resource file system. This is not fully supported and may not work
(2026-06-10 19:44:57.617) [info] [Application.cc:756] [GUI] Added plugin [Marker Manager] to main window
(2026-06-10 19:44:57.618) [info] [Application.cc:653] [GUI] Loaded plugin [MarkerManager] from path [/opt/ros/lyrical/opt/gz_gui_vendor/lib/gz-gui-10/plugins/libMarkerManager.so]
(2026-06-10 19:44:57.618) [debug] [Gui.cc:642] [GUI] MarkerManager
(2026-06-10 19:44:57.618) [debug] [Application.cc:557] [GUI] Loading plugin [SelectEntities]
(2026-06-10 19:44:57.620) [warning] [Application.cc:923] [GUI] [QT] QQmlComponent: attempted to load via a relative URL 'qrc:qml/GzCard.qml' in resource file system. This is not fully supported and may not work
(2026-06-10 19:44:57.710) [info] [Application.cc:756] [GUI] Added plugin [Select entities] to main window
(2026-06-10 19:44:57.710) [info] [Application.cc:653] [GUI] Loaded plugin [SelectEntities] from path [/opt/ros/lyrical/opt/gz_sim_vendor/lib/gz-sim-10/plugins/gui/libSelectEntities.so]
(2026-06-10 19:44:57.710) [debug] [Gui.cc:642] [GUI] SelectEntities
(2026-06-10 19:44:57.710) [debug] [Application.cc:557] [GUI] Loading plugin [Spawn]
(2026-06-10 19:44:57.716) [warning] [Application.cc:923] [GUI] [QT] QQmlComponent: attempted to load via a relative URL 'qrc:qml/GzCard.qml' in resource file system. This is not fully supported and may not work
(2026-06-10 19:44:57.813) [info] [Application.cc:756] [GUI] Added plugin [Spawn] to main window
(2026-06-10 19:44:57.813) [info] [Application.cc:653] [GUI] Loaded plugin [Spawn] from path [/opt/ros/lyrical/opt/gz_sim_vendor/lib/gz-sim-10/plugins/gui/libSpawn.so]
(2026-06-10 19:44:57.813) [debug] [Gui.cc:642] [GUI] Spawn
(2026-06-10 19:44:57.813) [debug] [Application.cc:557] [GUI] Loading plugin [VisualizationCapabilities]
(2026-06-10 19:44:57.818) [info] [VisualizationCapabilities.cc:2850] [GUI] View as transparent service on [/gui/view/transparent]
(2026-06-10 19:44:57.818) [info] [VisualizationCapabilities.cc:2857] [GUI] View as wireframes service on [/gui/view/wireframes]
(2026-06-10 19:44:57.818) [info] [VisualizationCapabilities.cc:2864] [GUI] View center of mass service on [/gui/view/com]
(2026-06-10 19:44:57.818) [info] [VisualizationCapabilities.cc:2871] [GUI] View inertia service on [/gui/view/inertia]
(2026-06-10 19:44:57.818) [info] [VisualizationCapabilities.cc:2879] [GUI] View collisions service on [/gui/view/collisions]
(2026-06-10 19:44:57.819) [info] [VisualizationCapabilities.cc:2887] [GUI] View joints service on [/gui/view/joints]
(2026-06-10 19:44:57.819) [info] [VisualizationCapabilities.cc:2894] [GUI] View frames service on [/gui/view/frames]
(2026-06-10 19:44:57.819) [warning] [Application.cc:923] [GUI] [QT] QQmlComponent: attempted to load via a relative URL 'qrc:qml/GzCard.qml' in resource file system. This is not fully supported and may not work
(2026-06-10 19:44:57.913) [info] [Application.cc:756] [GUI] Added plugin [Visualization capabilities] to main window
(2026-06-10 19:44:57.913) [info] [Application.cc:653] [GUI] Loaded plugin [VisualizationCapabilities] from path [/opt/ros/lyrical/opt/gz_sim_vendor/lib/gz-sim-10/plugins/gui/libVisualizationCapabilities.so]
(2026-06-10 19:44:57.913) [debug] [Gui.cc:642] [GUI] VisualizationCapabilities
(2026-06-10 19:44:57.913) [debug] [Application.cc:557] [GUI] Loading plugin [WorldControl]
(2026-06-10 19:44:57.922) [info] [WorldControl.cc:152] [GUI] Using world control service [/world/unibots_arena/control]
(2026-06-10 19:44:57.922) [info] [WorldControl.cc:225] [GUI] Listening to stats on [/world/unibots_arena/stats]
(2026-06-10 19:44:57.922) [debug] [WorldControl.cc:238] [GUI] Using an event to share WorldControl msgs with the server
(2026-06-10 19:44:57.922) [warning] [Application.cc:923] [GUI] [QT] QQmlComponent: attempted to load via a relative URL 'qrc:qml/GzCard.qml' in resource file system. This is not fully supported and may not work
(2026-06-10 19:44:58.019) [info] [Application.cc:756] [GUI] Added plugin [World control] to main window
(2026-06-10 19:44:58.019) [info] [Application.cc:653] [GUI] Loaded plugin [WorldControl] from path [/opt/ros/lyrical/opt/gz_gui_vendor/lib/gz-gui-10/plugins/libWorldControl.so]
(2026-06-10 19:44:58.019) [debug] [Gui.cc:642] [GUI] WorldControl
(2026-06-10 19:44:58.019) [debug] [Application.cc:557] [GUI] Loading plugin [WorldStats]
(2026-06-10 19:44:58.023) [info] [WorldStats.cc:156] [GUI] Listening to stats on [/world/unibots_arena/stats]
(2026-06-10 19:44:58.023) [warning] [Application.cc:923] [GUI] [QT] QQmlComponent: attempted to load via a relative URL 'qrc:qml/GzCard.qml' in resource file system. This is not fully supported and may not work
(2026-06-10 19:44:58.122) [info] [Application.cc:756] [GUI] Added plugin [World stats] to main window
(2026-06-10 19:44:58.122) [info] [Application.cc:653] [GUI] Loaded plugin [WorldStats] from path [/opt/ros/lyrical/opt/gz_gui_vendor/lib/gz-gui-10/plugins/libWorldStats.so]
(2026-06-10 19:44:58.122) [debug] [Gui.cc:642] [GUI] WorldStats
(2026-06-10 19:44:58.122) [debug] [Application.cc:557] [GUI] Loading plugin [Shapes]
(2026-06-10 19:44:58.128) [warning] [Application.cc:923] [GUI] [QT] QQmlComponent: attempted to load via a relative URL 'qrc:qml/GzCard.qml' in resource file system. This is not fully supported and may not work
(2026-06-10 19:44:58.214) [info] [Application.cc:756] [GUI] Added plugin [Shapes] to main window
(2026-06-10 19:44:58.215) [info] [Application.cc:653] [GUI] Loaded plugin [Shapes] from path [/opt/ros/lyrical/opt/gz_sim_vendor/lib/gz-sim-10/plugins/gui/libShapes.so]
(2026-06-10 19:44:58.215) [debug] [Gui.cc:642] [GUI] Shapes
(2026-06-10 19:44:58.215) [debug] [Application.cc:557] [GUI] Loading plugin [Lights]
(2026-06-10 19:44:58.218) [warning] [Application.cc:923] [GUI] [QT] QQmlComponent: attempted to load via a relative URL 'qrc:qml/GzCard.qml' in resource file system. This is not fully supported and may not work
(2026-06-10 19:44:58.317) [info] [Application.cc:756] [GUI] Added plugin [Lights] to main window
(2026-06-10 19:44:58.317) [info] [Application.cc:653] [GUI] Loaded plugin [Lights] from path [/opt/ros/lyrical/opt/gz_sim_vendor/lib/gz-sim-10/plugins/gui/libLights.so]
(2026-06-10 19:44:58.318) [debug] [Gui.cc:642] [GUI] Lights
(2026-06-10 19:44:58.318) [debug] [Application.cc:557] [GUI] Loading plugin [TransformControl]
(2026-06-10 19:44:58.339) [warning] [Application.cc:923] [GUI] [QT] QQmlComponent: attempted to load via a relative URL 'qrc:qml/GzCard.qml' in resource file system. This is not fully supported and may not work
(2026-06-10 19:44:58.432) [info] [Application.cc:756] [GUI] Added plugin [Transform control] to main window
(2026-06-10 19:44:58.433) [info] [Application.cc:653] [GUI] Loaded plugin [TransformControl] from path [/opt/ros/lyrical/opt/gz_sim_vendor/lib/gz-sim-10/plugins/gui/libTransformControl.so]
(2026-06-10 19:44:58.433) [debug] [Gui.cc:642] [GUI] TransformControl
(2026-06-10 19:44:58.433) [debug] [Application.cc:557] [GUI] Loading plugin [Screenshot]
(2026-06-10 19:44:58.441) [info] [Screenshot.cc:97] [GUI] Screenshot service on [/gui/screenshot]
(2026-06-10 19:44:58.441) [warning] [Application.cc:923] [GUI] [QT] QQmlComponent: attempted to load via a relative URL 'qrc:qml/GzCard.qml' in resource file system. This is not fully supported and may not work
(2026-06-10 19:44:58.532) [info] [Application.cc:756] [GUI] Added plugin [Screenshot] to main window
(2026-06-10 19:44:58.532) [info] [Application.cc:653] [GUI] Loaded plugin [Screenshot] from path [/opt/ros/lyrical/opt/gz_gui_vendor/lib/gz-gui-10/plugins/libScreenshot.so]
(2026-06-10 19:44:58.532) [debug] [Gui.cc:642] [GUI] Screenshot
(2026-06-10 19:44:58.532) [debug] [Application.cc:557] [GUI] Loading plugin [CopyPaste]
(2026-06-10 19:44:58.536) [warning] [Application.cc:923] [GUI] [QT] QQmlComponent: attempted to load via a relative URL 'qrc:qml/GzCard.qml' in resource file system. This is not fully supported and may not work
(2026-06-10 19:44:58.626) [info] [Application.cc:756] [GUI] Added plugin [Copy/Paste] to main window
(2026-06-10 19:44:58.626) [info] [Application.cc:653] [GUI] Loaded plugin [CopyPaste] from path [/opt/ros/lyrical/opt/gz_sim_vendor/lib/gz-sim-10/plugins/gui/libCopyPaste.so]
(2026-06-10 19:44:58.626) [debug] [Gui.cc:642] [GUI] CopyPaste
(2026-06-10 19:44:58.626) [debug] [Application.cc:557] [GUI] Loading plugin [ComponentInspector]
(2026-06-10 19:44:58.674) [warning] [Application.cc:923] [GUI] [QT] QQmlComponent: attempted to load via a relative URL 'qrc:qml/GzCard.qml' in resource file system. This is not fully supported and may not work
(2026-06-10 19:44:58.755) [info] [Application.cc:756] [GUI] Added plugin [Component inspector] to main window
(2026-06-10 19:44:58.755) [info] [Application.cc:653] [GUI] Loaded plugin [ComponentInspector] from path [/opt/ros/lyrical/opt/gz_sim_vendor/lib/gz-sim-10/plugins/gui/libComponentInspector.so]
(2026-06-10 19:44:58.755) [debug] [Gui.cc:642] [GUI] ComponentInspector
(2026-06-10 19:44:58.756) [debug] [Application.cc:557] [GUI] Loading plugin [EntityTree]
(2026-06-10 19:44:58.761) [info] [EntityContextMenu.cc:134] [GUI] Currently tracking topic on [/gui/currently_tracked]
(2026-06-10 19:44:58.782) [warning] [Application.cc:923] [GUI] [QT] QQmlComponent: attempted to load via a relative URL 'qrc:qml/GzCard.qml' in resource file system. This is not fully supported and may not work
(2026-06-10 19:44:58.868) [info] [Application.cc:756] [GUI] Added plugin [Entity tree] to main window
(2026-06-10 19:44:58.868) [info] [Application.cc:653] [GUI] Loaded plugin [EntityTree] from path [/opt/ros/lyrical/opt/gz_sim_vendor/lib/gz-sim-10/plugins/gui/libEntityTree.so]
(2026-06-10 19:44:58.868) [debug] [Gui.cc:642] [GUI] EntityTree
(2026-06-10 19:44:58.919) [debug] [MinimalScene.cc:818] [GUI] Creating gz-rendering interface for OpenGL
(2026-06-10 19:44:58.919) [debug] [MinimalScene.cc:998] [GUI] Creating render thread interface for OpenGL
(2026-06-10 19:44:58.990) [info] [RenderEngineManager.cc:514] [GUI] Loading plugin [gz-rendering-ogre2]
(2026-06-10 19:44:59.589) [debug] [MinimalScene.cc:754] [GUI] Create scene [scene]
(2026-06-10 19:44:59.625) [debug] [MinimalScene.cc:1039] [GUI] Creating texture node render interface for OpenGL
(2026-06-10 19:44:59.662) [debug] [TransformControl.cc:453] [GUI] TransformControl plugin is using camera [scene::Camera(65527)]
(2026-06-10 19:44:59.663) [debug] [Spawn.cc:308] [GUI] Spawn plugin is using camera [scene::Camera(65527)]
(2026-06-10 19:44:59.663) [debug] [SelectEntities.cc:434] [GUI] SelectEntities plugin is using camera [scene::Camera(65527)]
(2026-06-10 19:44:59.664) [debug] [MarkerManager.cc:169] [GUI] Advertise /marker/list service.
(2026-06-10 19:44:59.665) [debug] [MarkerManager.cc:179] [GUI] Advertise /marker/list.
(2026-06-10 19:44:59.665) [debug] [MarkerManager.cc:189] [GUI] Advertise /marker_array.
(2026-06-10 19:44:59.665) [debug] [CameraTracking.cc:189] [GUI] CameraTracking plugin is moving camera [scene::Camera(65527)]
(2026-06-10 19:44:59.666) [info] [CameraTracking.cc:204] [GUI] Move to service on [/gui/move_to]
(2026-06-10 19:44:59.666) [info] [CameraTracking.cc:211] [GUI] Tracking topic on [/gui/track]
(2026-06-10 19:44:59.666) [info] [CameraTracking.cc:218] [GUI] Tracking status topic on [/gui/currently_tracked]
(2026-06-10 19:44:59.666) [info] [CameraTracking.cc:226] [GUI] Move to pose service on [/gui/move_to/pose]
(2026-06-10 19:44:59.666) [info] [CameraTracking.cc:233] [GUI] Camera pose topic advertised on [/gui/camera/pose]
(2026-06-10 19:44:59.666) [debug] [InteractiveViewControl.cc:177] [GUI] InteractiveViewControl plugin is moving camera [scene::Camera(65527)]
(2026-06-10 19:44:59.666) [debug] [EntityContextMenuPlugin.cc:79] [GUI] Entity context menu plugin is using camera [scene::Camera(65527)]
(2026-06-10 20:06:31.654) [debug] [SignalHandler.cc:278] [GUI] Received signal[2].
(2026-06-10 20:06:31.661) [debug] [Gui.cc:688] [GUI] Shutting down gz-sim-gui
(2026-06-10 20:06:31.662) [debug] [Application.cc:239] [GUI] Terminating application.
(2026-06-10 20:06:31.672) [debug] [MinimalScene.cc:859] [GUI] Destroy scene [scene]
(2026-06-10 20:06:31.687) [warning] [Application.cc:923] [GUI] [QT] QObject::disconnect: wildcard call disconnects from destroyed signal of gz::sim::TreeModel::unnamed
